<?xml version="1.0" encoding="UTF-8"?>
<!-- Generated by org.testng.reporters.JUnitReportReporter -->
<testsuite hostname="THIRU" failures="0" tests="1" name="browsertesting.ChromeBrowserTestNG" time="3.587" errors="0" timestamp="2023-03-08T13:04:07 IST" skipped="0">
  <testcase classname="browsertesting.ChromeBrowserTestNG" name="loginTest" time="3.587"/>
  <system-out/>
</testsuite> <!-- browsertesting.ChromeBrowserTestNG -->
