<?xml version="1.0" encoding="UTF-8"?>
<!-- Generated by org.testng.reporters.JUnitReportReporter -->
<testsuite hostname="THIRU" failures="0" tests="3" name="TestNGDemo.TestMyContactForm21" time="0.010" errors="0" timestamp="2023-03-12T16:51:57 IST" skipped="0">
  <testcase classname="TestNGDemo.TestMyContactForm21" name="Validtestcase" time="0.002"/>
  <system-out/>
  <testcase classname="TestNGDemo.TestMyContactForm21" name="InValidtestcase" time="0.006"/>
  <system-out/>
  <testcase classname="TestNGDemo.TestMyContactForm21" name="Validtestcase" time="0.002"/>
  <system-out/>
</testsuite> <!-- TestNGDemo.TestMyContactForm21 -->
